<?xml version="1.0" encoding="UTF-8"?>
<testsuite xmlns:xsi="http://www.w3.org/2001/XMLSchema-instance" xsi:noNamespaceSchemaLocation="https://maven.apache.org/surefire/maven-surefire-plugin/xsd/surefire-test-report.xsd" name="com.example.InternetHerokuappTests" time="41.175" tests="10" errors="0" skipped="0" failures="0">
  <properties>
[...]
</properties>
  <testcase name="testCheckboxes" classname="com.example.InternetHerokuappTests" time="8.076"/>
  <testcase name="testLoginPage" classname="com.example.InternetHerokuappTests" time="4.378"/>
  <testcase name="testDynamicLoading" classname="com.example.InternetHerokuappTests" time="8.441"/>
  <testcase name="testJavaScriptError" classname="com.example.InternetHerokuappTests" time="1.583"/>
  <testcase name="testDragAndDrop" classname="com.example.InternetHerokuappTests" time="3.054"/>
  <testcase name="testDropdownSelection" classname="com.example.InternetHerokuappTests" time="2.691"/>
  <testcase name="testJavaScriptAlerts" classname="com.example.InternetHerokuappTests" time="2.87"/>
  <testcase name="testInfiniteScroll" classname="com.example.InternetHerokuappTests" time="2.75"/>
  <testcase name="testKeyPress" classname="com.example.InternetHerokuappTests" time="3.047"/>
  <testcase name="testHovers" classname="com.example.InternetHerokuappTests" time="4.252"/>
</testsuite>