<?xml version="1.0" encoding="UTF-8"?>
<testsuite xmlns:xsi="http://www.w3.org/2001/XMLSchema-instance" xsi:noNamespaceSchemaLocation="https://maven.apache.org/surefire/maven-surefire-plugin/xsd/surefire-test-report.xsd" name="com.example.InternetHerokuappTests" time="36.551" tests="10" errors="0" skipped="0" failures="0">
  <properties>
[...]
</properties>
  <testcase name="testCheckboxes" classname="com.example.InternetHerokuappTests" time="3.502"/>
  <testcase name="testLoginPage" classname="com.example.InternetHerokuappTests" time="4.371"/>
  <testcase name="testDynamicLoading" classname="com.example.InternetHerokuappTests" time="8.546"/>
  <testcase name="testJavaScriptError" classname="com.example.InternetHerokuappTests" time="1.817"/>
  <testcase name="testDragAndDrop" classname="com.example.InternetHerokuappTests" time="2.818"/>
  <testcase name="testDropdownSelection" classname="com.example.InternetHerokuappTests" time="3.51"/>
  <testcase name="testJavaScriptAlerts" classname="com.example.InternetHerokuappTests" time="2.827"/>
  <testcase name="testInfiniteScroll" classname="com.example.InternetHerokuappTests" time="2.795"/>
  <testcase name="testKeyPress" classname="com.example.InternetHerokuappTests" time="3.022"/>
  <testcase name="testHovers" classname="com.example.InternetHerokuappTests" time="3.312"/>
</testsuite>